<?xml version="1.0" encoding="UTF-8"?>
<!-- Generated by org.testng.reporters.JUnitReportReporter -->
<testsuite skipped="0" hostname="LAPTOP-HL3C6K4M" name="SeleniumPractice_Assignments.NewRegistrationForm" tests="1" failures="0" timestamp="2020-03-13T20:38:08 EDT" time="14.948" errors="0">
  <testcase name="Registrationpage" time="14.948" classname="SeleniumPractice_Assignments.NewRegistrationForm"/>
  <system-out/>
</testsuite> <!-- SeleniumPractice_Assignments.NewRegistrationForm -->
