<?xml version="1.0" encoding="UTF-8"?>
<!-- Generated by org.testng.reporters.JUnitReportReporter -->
<testsuite skipped="0" hostname="LAPTOP-HL3C6K4M" name="SeleniumPractice_ClassSession.LoginBjsPage" tests="1" failures="0" timestamp="2020-03-26T19:00:33 EDT" time="34.869" errors="0">
  <testcase name="bjsLoginPage" time="34.869" classname="SeleniumPractice_ClassSession.LoginBjsPage"/>
  <system-out/>
</testsuite> <!-- SeleniumPractice_ClassSession.LoginBjsPage -->
