<?xml version="1.0" encoding="UTF-8"?>
<!-- Generated by org.testng.reporters.JUnitReportReporter -->
<testsuite skipped="0" hostname="LAPTOP-HL3C6K4M" name="SeleniumPractice_Assignments.AutomationTalksRegistration" tests="1" failures="0" timestamp="2020-03-18T17:46:05 EDT" time="24.743" errors="0">
  <testcase name="Registrationtalks" time="24.743" classname="SeleniumPractice_Assignments.AutomationTalksRegistration"/>
  <system-out/>
</testsuite> <!-- SeleniumPractice_Assignments.AutomationTalksRegistration -->
