<?xml version="1.0" encoding="UTF-8"?>
<!-- Generated by org.testng.reporters.JUnitReportReporter -->
<testsuite skipped="0" hostname="LAPTOP-HL3C6K4M" name="SeleniumPractice_Assignments.Assignment4" tests="1" failures="0" timestamp="2020-03-28T17:26:18 EDT" time="57.644" errors="0">
  <testcase name="taskTestCase" time="57.644" classname="SeleniumPractice_Assignments.Assignment4"/>
  <system-out/>
</testsuite> <!-- SeleniumPractice_Assignments.Assignment4 -->
