<?xml version="1.0" encoding="UTF-8"?>
<!-- Generated by org.testng.reporters.JUnitReportReporter -->
<testsuite skipped="0" hostname="LAPTOP-HL3C6K4M" name="SeleniumPractice_Assignments.Assignment4" tests="5" failures="0" timestamp="2020-03-23T20:14:15 EDT" time="41.184" errors="0">
  <testcase name="Browsersetup" time="12.941" classname="SeleniumPractice_Assignments.Assignment4"/>
  <system-out/>
  <testcase name="LoginFunctionality" time="3.043" classname="SeleniumPractice_Assignments.Assignment4"/>
  <system-out/>
  <testcase name="DashboardList" time="0.401" classname="SeleniumPractice_Assignments.Assignment4"/>
  <system-out/>
  <testcase name="Addtask" time="24.681" classname="SeleniumPractice_Assignments.Assignment4"/>
  <system-out/>
  <testcase name="BrowserClose" time="0.118" classname="SeleniumPractice_Assignments.Assignment4"/>
  <system-out/>
</testsuite> <!-- SeleniumPractice_Assignments.Assignment4 -->
